HospitalReserve/HospitalProject/app/build/outputs/logs/manifest-merger-debug-report.txt
-- Merging decision tree log ---
manifest
ADDED from src\main\AndroidManifest.xml:2:1-536:12
INJECTED from src\main\AndroidManifest.xml:2:1-536:12
INJECTED from src\main\AndroidManifest.xml:2:1-536:12
INJECTED from src\main\AndroidManifest.xml:2:1-536:12
INJECTED from src\main\AndroidManifest.xml:2:1-536:12
INJECTED from src\main\AndroidManifest.xml:2:1-536:12
INJECTED from src\main\AndroidManifest.xml:2:1-536:12
	package
		ADDED from src\main\AndroidManifest.xml:3:5-28
		INJECTED from src\main\AndroidManifest.xml
		INJECTED from src\main\AndroidManifest.xml
	android:versionName
		ADDED from src\main\AndroidManifest.xml:5:5-30
		INJECTED from src\main\AndroidManifest.xml
		INJECTED from src\main\AndroidManifest.xml
	xmlns:android
		ADDED from src\main\AndroidManifest.xml:2:11-69
	android:versionCode
		ADDED from src\main\AndroidManifest.xml:4:5-28
		INJECTED from src\main\AndroidManifest.xml
		INJECTED from src\main\AndroidManifest.xml
uses-sdk
ADDED from src\main\AndroidManifest.xml:7:5-9:41
INJECTED from src\main\AndroidManifest.xml:7:5-9:41
INJECTED from src\main\AndroidManifest.xml:7:5-9:41
INJECTED from src\main\AndroidManifest.xml:7:5-9:41
INJECTED from src\main\AndroidManifest.xml:7:5-9:41
	android:targetSdkVersion
		ADDED from src\main\AndroidManifest.xml:9:9-38
		INJECTED from src\main\AndroidManifest.xml
		INJECTED from src\main\AndroidManifest.xml
	android:minSdkVersion
		ADDED from src\main\AndroidManifest.xml:8:9-34
		INJECTED from src\main\AndroidManifest.xml
		INJECTED from src\main\AndroidManifest.xml
permission#com.community.permission.JPUSH_MESSAGE
ADDED from src\main\AndroidManifest.xml:14:5-16:47
	android:protectionLevel
		ADDED from src\main\AndroidManifest.xml:16:9-44
	android:name
		ADDED from src\main\AndroidManifest.xml:15:9-62
uses-permission#com.community.permission.JPUSH_MESSAGE
ADDED from src\main\AndroidManifest.xml:18:5-78
	android:name
		ADDED from src\main\AndroidManifest.xml:18:22-75
uses-permission#android.permission.RECEIVE_USER_PRESENT
ADDED from src\main\AndroidManifest.xml:19:5-79
	android:name
		ADDED from src\main\AndroidManifest.xml:19:22-76
uses-permission#android.permission.INTERNET
ADDED from src\main\AndroidManifest.xml:20:5-67
	android:name
		ADDED from src\main\AndroidManifest.xml:20:22-64
uses-permission#android.permission.WAKE_LOCK
ADDED from src\main\AndroidManifest.xml:21:5-68
	android:name
		ADDED from src\main\AndroidManifest.xml:21:22-65
uses-permission#android.permission.READ_PHONE_STATE
ADDED from src\main\AndroidManifest.xml:22:5-75
	android:name
		ADDED from src\main\AndroidManifest.xml:22:22-72
uses-permission#android.permission.WRITE_EXTERNAL_STORAGE
ADDED from src\main\AndroidManifest.xml:23:5-81
	android:name
		ADDED from src\main\AndroidManifest.xml:23:22-78
uses-permission#android.permission.READ_EXTERNAL_STORAGE
ADDED from src\main\AndroidManifest.xml:24:5-80
	android:name
		ADDED from src\main\AndroidManifest.xml:24:22-77
uses-permission#android.permission.VIBRATE
ADDED from src\main\AndroidManifest.xml:25:5-66
	android:name
		ADDED from src\main\AndroidManifest.xml:25:22-63
uses-permission#android.permission.MOUNT_UNMOUNT_FILESYSTEMS
ADDED from src\main\AndroidManifest.xml:26:5-84
	android:name
		ADDED from src\main\AndroidManifest.xml:26:22-81
uses-permission#android.permission.ACCESS_NETWORK_STATE
ADDED from src\main\AndroidManifest.xml:27:5-79
	android:name
		ADDED from src\main\AndroidManifest.xml:27:22-76
uses-permission#android.permission.WRITE_SETTINGS
ADDED from src\main\AndroidManifest.xml:28:5-73
	android:name
		ADDED from src\main\AndroidManifest.xml:28:22-70
uses-permission#android.permission.ACCESS_WIFI_STATE
ADDED from src\main\AndroidManifest.xml:29:5-76
	android:name
		ADDED from src\main\AndroidManifest.xml:29:22-73
uses-permission#android.permission.SYSTEM_ALERT_WINDOW
ADDED from src\main\AndroidManifest.xml:31:8-81
	android:name
		ADDED from src\main\AndroidManifest.xml:31:25-78
uses-permission#android.permission.ACCESS_COARSE_LOCATION
ADDED from src\main\AndroidManifest.xml:32:5-81
	android:name
		ADDED from src\main\AndroidManifest.xml:32:22-78
uses-permission#android.permission.CHANGE_WIFI_STATE
ADDED from src\main\AndroidManifest.xml:33:5-76
	android:name
		ADDED from src\main\AndroidManifest.xml:33:22-73
uses-permission#android.permission.ACCESS_FINE_LOCATION
ADDED from src\main\AndroidManifest.xml:34:5-79
	android:name
		ADDED from src\main\AndroidManifest.xml:34:22-76
uses-permission#android.permission.ACCESS_LOCATION_EXTRA_COMMANDS
ADDED from src\main\AndroidManifest.xml:35:5-89
	android:name
		ADDED from src\main\AndroidManifest.xml:35:22-86
uses-permission#android.permission.CHANGE_NETWORK_STATE
ADDED from src\main\AndroidManifest.xml:36:5-79
	android:name
		ADDED from src\main\AndroidManifest.xml:36:22-76
uses-permission#android.permission.GET_TASKS
ADDED from src\main\AndroidManifest.xml:37:5-68
	android:name
		ADDED from src\main\AndroidManifest.xml:37:22-65
uses-permission#android.permission.INTERACT_ACROSS_USERS_FULL
ADDED from src\main\AndroidManifest.xml:53:5-85
	android:name
		ADDED from src\main\AndroidManifest.xml:53:22-82
uses-permission#android.permission.CHANGE_CONFIGURATION
ADDED from src\main\AndroidManifest.xml:62:5-79
	android:name
		ADDED from src\main\AndroidManifest.xml:62:22-76
uses-permission#org.simalliance.openmobileapi.SMARTCARD
ADDED from src\main\AndroidManifest.xml:82:5-79
	android:name
		ADDED from src\main\AndroidManifest.xml:82:22-76
application
ADDED from src\main\AndroidManifest.xml:94:5-534:19
	android:label
		ADDED from src\main\AndroidManifest.xml:98:9-41
	android:icon
		ADDED from src\main\AndroidManifest.xml:97:9-45
	android:allowBackup
		ADDED from src\main\AndroidManifest.xml:96:9-35
	android:theme
		ADDED from src\main\AndroidManifest.xml:99:9-56
	android:name
		ADDED from src\main\AndroidManifest.xml:95:9-50
service#com.amap.api.location.APSService
ADDED from src\main\AndroidManifest.xml:100:9-68
	android:name
		ADDED from src\main\AndroidManifest.xml:100:18-65
meta-data#com.amap.api.v2.apikey
ADDED from src\main\AndroidManifest.xml:102:9-104:64
	android:value
		ADDED from src\main\AndroidManifest.xml:104:13-61
	android:name
		ADDED from src\main\AndroidManifest.xml:103:13-50
activity#com.community.FrameworkActivity
ADDED from src\main\AndroidManifest.xml:106:9-114:20
	android:label
		ADDED from src\main\AndroidManifest.xml:108:13-45
	android:name
		ADDED from src\main\AndroidManifest.xml:107:13-46
intent-filter#android.intent.action.MAIN+android.intent.category.LAUNCHER
ADDED from src\main\AndroidManifest.xml:109:13-113:29
action#android.intent.action.MAIN
ADDED from src\main\AndroidManifest.xml:110:17-69
	android:name
		ADDED from src\main\AndroidManifest.xml:110:25-66
category#android.intent.category.LAUNCHER
ADDED from src\main\AndroidManifest.xml:112:17-77
	android:name
		ADDED from src\main\AndroidManifest.xml:112:27-74
activity#com.community.DoctorReviewActivity
ADDED from src\main\AndroidManifest.xml:115:9-118:20
	android:label
		ADDED from src\main\AndroidManifest.xml:117:13-57
	android:name
		ADDED from src\main\AndroidManifest.xml:116:13-49
activity#com.community.MyDeportActivity
ADDED from src\main\AndroidManifest.xml:120:17-123:20
	android:label
		ADDED from src\main\AndroidManifest.xml:122:13-57
	android:name
		ADDED from src\main\AndroidManifest.xml:121:13-45
activity#com.community.MyDoctorActivity
ADDED from src\main\AndroidManifest.xml:128:17-131:20
	android:label
		ADDED from src\main\AndroidManifest.xml:130:13-57
	android:name
		ADDED from src\main\AndroidManifest.xml:129:13-45
activity#com.community.NewsMessageActivity
ADDED from src\main\AndroidManifest.xml:133:12-136:20
	android:label
		ADDED from src\main\AndroidManifest.xml:135:13-57
	android:name
		ADDED from src\main\AndroidManifest.xml:134:13-48
activity#com.community.RegisterActivity
ADDED from src\main\AndroidManifest.xml:140:9-144:20
	android:label
		ADDED from src\main\AndroidManifest.xml:142:13-57
	android:windowSoftInputMode
		ADDED from src\main\AndroidManifest.xml:143:13-54
	android:name
		ADDED from src\main\AndroidManifest.xml:141:13-45
activity#com.community.DepartListActivity
ADDED from src\main\AndroidManifest.xml:145:9-148:20
	android:label
		ADDED from src\main\AndroidManifest.xml:147:13-57
	android:name
		ADDED from src\main\AndroidManifest.xml:146:13-47
activity#com.community.CreatJiJianActivity
ADDED from src\main\AndroidManifest.xml:149:9-152:20
	android:label
		ADDED from src\main\AndroidManifest.xml:151:13-60
	android:name
		ADDED from src\main\AndroidManifest.xml:150:13-48
activity#com.community.AddressListActivity
ADDED from src\main\AndroidManifest.xml:153:9-156:20
	android:label
		ADDED from src\main\AndroidManifest.xml:155:13-61
	android:name
		ADDED from src\main\AndroidManifest.xml:154:13-48
activity#com.community.CreatActivity
ADDED from src\main\AndroidManifest.xml:157:9-160:20
	android:label
		ADDED from src\main\AndroidManifest.xml:159:13-57
	android:name
		ADDED from src\main\AndroidManifest.xml:158:13-42
activity#com.pony.photo.ui.SelectImagesActivity
ADDED from src\main\AndroidManifest.xml:161:9-164:20
	android:label
		ADDED from src\main\AndroidManifest.xml:163:13-65
	android:name
		ADDED from src\main\AndroidManifest.xml:162:13-66
activity#com.pony.photo.ui.ShowPictureActivity
ADDED from src\main\AndroidManifest.xml:165:9-168:20
	android:label
		ADDED from src\main\AndroidManifest.xml:167:13-64
	android:name
		ADDED from src\main\AndroidManifest.xml:166:13-65
activity#com.pony.photo.ui.ShowPicturesActivity
ADDED from src\main\AndroidManifest.xml:169:9-172:20
	android:label
		ADDED from src\main\AndroidManifest.xml:171:13-64
	android:name
		ADDED from src\main\AndroidManifest.xml:170:13-66
activity#com.pony.photo.ui.ShowCreatePicturesActivity
ADDED from src\main\AndroidManifest.xml:173:9-176:20
	android:label
		ADDED from src\main\AndroidManifest.xml:175:13-72
	android:name
		ADDED from src\main\AndroidManifest.xml:174:13-72
activity#com.community.ArticleMessageActivity
ADDED from src\main\AndroidManifest.xml:177:9-180:20
	android:label
		ADDED from src\main\AndroidManifest.xml:179:13-65
	android:name
		ADDED from src\main\AndroidManifest.xml:178:13-51
activity#com.community.AddressChoiceActivity
ADDED from src\main\AndroidManifest.xml:181:9-184:20
	android:label
		ADDED from src\main\AndroidManifest.xml:183:13-68
	android:name
		ADDED from src\main\AndroidManifest.xml:182:13-50
activity#com.community.MoneyRechargeActivity
ADDED from src\main\AndroidManifest.xml:185:9-188:20
	android:label
		ADDED from src\main\AndroidManifest.xml:187:13-63
	android:name
		ADDED from src\main\AndroidManifest.xml:186:13-50
activity#com.community.UserMessageUpdateActivity
ADDED from src\main\AndroidManifest.xml:189:9-192:20
	android:label
		ADDED from src\main\AndroidManifest.xml:191:13-64
	android:name
		ADDED from src\main\AndroidManifest.xml:190:13-54
activity#com.community.MoneyListActivity
ADDED from src\main\AndroidManifest.xml:193:9-196:20
	android:label
		ADDED from src\main\AndroidManifest.xml:195:13-64
	android:name
		ADDED from src\main\AndroidManifest.xml:194:13-46
activity#com.community.ForgetPswdActivity
ADDED from src\main\AndroidManifest.xml:198:9-202:20
	android:label
		ADDED from src\main\AndroidManifest.xml:200:13-62
	android:windowSoftInputMode
		ADDED from src\main\AndroidManifest.xml:201:13-54
	android:name
		ADDED from src\main\AndroidManifest.xml:199:13-47
activity#com.community.SearchActivity
ADDED from src\main\AndroidManifest.xml:203:9-206:20
	android:label
		ADDED from src\main\AndroidManifest.xml:205:13-63
	android:name
		ADDED from src\main\AndroidManifest.xml:204:13-43
activity#com.community.YearRecordActivity
ADDED from src\main\AndroidManifest.xml:207:9-210:20
	android:label
		ADDED from src\main\AndroidManifest.xml:209:13-63
	android:name
		ADDED from src\main\AndroidManifest.xml:208:13-47
activity#com.community.LoginActivity
ADDED from src\main\AndroidManifest.xml:211:9-214:20
	android:label
		ADDED from src\main\AndroidManifest.xml:213:13-63
	android:name
		ADDED from src\main\AndroidManifest.xml:212:13-42
activity#com.community.HouseMessageActivity
ADDED from src\main\AndroidManifest.xml:215:9-218:20
	android:label
		ADDED from src\main\AndroidManifest.xml:217:13-65
	android:name
		ADDED from src\main\AndroidManifest.xml:216:13-49
activity#com.community.PayMessageActivity
ADDED from src\main\AndroidManifest.xml:219:9-222:20
	android:label
		ADDED from src\main\AndroidManifest.xml:221:13-63
	android:name
		ADDED from src\main\AndroidManifest.xml:220:13-47
activity#com.community.OrderActivity
ADDED from src\main\AndroidManifest.xml:223:9-226:20
	android:label
		ADDED from src\main\AndroidManifest.xml:225:13-57
	android:name
		ADDED from src\main\AndroidManifest.xml:224:13-55
activity#com.community.OrderMessageActivity
ADDED from src\main\AndroidManifest.xml:227:9-230:20
	android:label
		ADDED from src\main\AndroidManifest.xml:229:13-57
	android:name
		ADDED from src\main\AndroidManifest.xml:228:13-62
activity#com.community.UserActivity
ADDED from src\main\AndroidManifest.xml:231:9-234:20
	android:label
		ADDED from src\main\AndroidManifest.xml:233:13-57
	android:name
		ADDED from src\main\AndroidManifest.xml:232:13-54
activity#com.community.CreateMessageActivity
ADDED from src\main\AndroidManifest.xml:235:9-238:20
	android:label
		ADDED from src\main\AndroidManifest.xml:237:13-57
	android:name
		ADDED from src\main\AndroidManifest.xml:236:13-63
activity#com.community.CategoryAddIncomeActivity
ADDED from src\main\AndroidManifest.xml:239:9-242:20
	android:label
		ADDED from src\main\AndroidManifest.xml:241:13-57
	android:name
		ADDED from src\main\AndroidManifest.xml:240:13-67
activity#com.community.PayOrderMessageActivity
ADDED from src\main\AndroidManifest.xml:243:9-246:20
	android:label
		ADDED from src\main\AndroidManifest.xml:245:13-57
	android:name
		ADDED from src\main\AndroidManifest.xml:244:13-65
activity#com.community.CategoryIncomeActivity
ADDED from src\main\AndroidManifest.xml:247:9-250:20
	android:label
		ADDED from src\main\AndroidManifest.xml:249:13-57
	android:name
		ADDED from src\main\AndroidManifest.xml:248:13-64
activity#com.community.CategoryCostActivity
ADDED from src\main\AndroidManifest.xml:251:9-254:20
	android:label
		ADDED from src\main\AndroidManifest.xml:253:13-57
	android:name
		ADDED from src\main\AndroidManifest.xml:252:13-62
activity#com.community.MessageActivity
ADDED from src\main\AndroidManifest.xml:255:9-260:20
	android:screenOrientation
		ADDED from src\main\AndroidManifest.xml:259:13-49
	android:label
		ADDED from src\main\AndroidManifest.xml:258:13-57
	android:configChanges
		ADDED from src\main\AndroidManifest.xml:257:13-74
	android:name
		ADDED from src\main\AndroidManifest.xml:256:13-57
activity#com.community.ImAddActivity
ADDED from src\main\AndroidManifest.xml:261:9-264:20
	android:label
		ADDED from src\main\AndroidManifest.xml:263:13-57
	android:name
		ADDED from src\main\AndroidManifest.xml:262:13-55
activity#com.community.SetingMoneyActivity
ADDED from src\main\AndroidManifest.xml:265:9-268:20
	android:label
		ADDED from src\main\AndroidManifest.xml:267:13-57
	android:name
		ADDED from src\main\AndroidManifest.xml:266:13-61
activity#com.community.StatisticsActivity
ADDED from src\main\AndroidManifest.xml:269:9-272:20
	android:label
		ADDED from src\main\AndroidManifest.xml:271:13-57
	android:name
		ADDED from src\main\AndroidManifest.xml:270:13-60
activity#com.community.MonthMessageActivity
ADDED from src\main\AndroidManifest.xml:273:9-276:20
	android:label
		ADDED from src\main\AndroidManifest.xml:275:13-57
	android:name
		ADDED from src\main\AndroidManifest.xml:274:13-62
activity#com.community.ImActivity
ADDED from src\main\AndroidManifest.xml:277:9-280:20
	android:label
		ADDED from src\main\AndroidManifest.xml:279:13-57
	android:name
		ADDED from src\main\AndroidManifest.xml:278:13-52
activity#com.community.FrameworkStudentActivity
ADDED from src\main\AndroidManifest.xml:281:9-284:20
	android:label
		ADDED from src\main\AndroidManifest.xml:283:13-57
	android:name
		ADDED from src\main\AndroidManifest.xml:282:13-66
activity#com.community.CreateMessagePersonActivity
ADDED from src\main\AndroidManifest.xml:285:9-288:20
	android:label
		ADDED from src\main\AndroidManifest.xml:287:13-57
	android:name
		ADDED from src\main\AndroidManifest.xml:286:13-69
activity#com.community.AppluChuFangMessageActivity
ADDED from src\main\AndroidManifest.xml:289:9-292:20
	android:label
		ADDED from src\main\AndroidManifest.xml:291:13-57
	android:name
		ADDED from src\main\AndroidManifest.xml:290:13-69
activity#com.community.ImJobActivity
ADDED from src\main\AndroidManifest.xml:293:9-296:20
	android:label
		ADDED from src\main\AndroidManifest.xml:295:13-57
	android:name
		ADDED from src\main\AndroidManifest.xml:294:13-55
activity#com.community.ApplyUserListActivity
ADDED from src\main\AndroidManifest.xml:297:9-300:20
	android:label
		ADDED from src\main\AndroidManifest.xml:299:13-57
	android:name
		ADDED from src\main\AndroidManifest.xml:298:13-63
activity#com.community.ApplyUserActivity
ADDED from src\main\AndroidManifest.xml:301:9-304:20
	android:label
		ADDED from src\main\AndroidManifest.xml:303:13-57
	android:name
		ADDED from src\main\AndroidManifest.xml:302:13-59
activity#com.community.LeaveActivity
ADDED from src\main\AndroidManifest.xml:305:9-308:20
	android:label
		ADDED from src\main\AndroidManifest.xml:307:13-57
	android:name
		ADDED from src\main\AndroidManifest.xml:306:13-55
activity#com.community.PrescriptionActivity
ADDED from src\main\AndroidManifest.xml:309:9-312:20
	android:label
		ADDED from src\main\AndroidManifest.xml:311:13-57
	android:name
		ADDED from src\main\AndroidManifest.xml:310:13-62
activity#com.community.SoftMessageActivity
ADDED from src\main\AndroidManifest.xml:313:9-316:20
	android:label
		ADDED from src\main\AndroidManifest.xml:315:13-57
	android:name
		ADDED from src\main\AndroidManifest.xml:314:13-61
activity#com.community.SignTeacherActivity
ADDED from src\main\AndroidManifest.xml:317:9-320:20
	android:label
		ADDED from src\main\AndroidManifest.xml:319:13-57
	android:name
		ADDED from src\main\AndroidManifest.xml:318:13-61
activity#com.community.CommunityListActivity
ADDED from src\main\AndroidManifest.xml:321:9-324:20
	android:label
		ADDED from src\main\AndroidManifest.xml:323:13-57
	android:name
		ADDED from src\main\AndroidManifest.xml:322:13-63
activity#com.community.AppointmentrActivity
ADDED from src\main\AndroidManifest.xml:327:9-330:20
	android:label
		ADDED from src\main\AndroidManifest.xml:329:13-57
	android:name
		ADDED from src\main\AndroidManifest.xml:328:13-62
activity#com.community.ScoreActivity
ADDED from src\main\AndroidManifest.xml:331:9-334:20
	android:label
		ADDED from src\main\AndroidManifest.xml:333:13-57
	android:name
		ADDED from src\main\AndroidManifest.xml:332:13-55
activity#com.community.StundetScoreActivity
ADDED from src\main\AndroidManifest.xml:335:9-338:20
	android:label
		ADDED from src\main\AndroidManifest.xml:337:13-57
	android:name
		ADDED from src\main\AndroidManifest.xml:336:13-62
activity#com.community.DoctorMessageActivity
ADDED from src\main\AndroidManifest.xml:339:9-342:20
	android:label
		ADDED from src\main\AndroidManifest.xml:341:13-57
	android:name
		ADDED from src\main\AndroidManifest.xml:340:13-63
activity#com.community.NoticeMessageActivity
ADDED from src\main\AndroidManifest.xml:343:9-346:20
	android:label
		ADDED from src\main\AndroidManifest.xml:345:13-57
	android:name
		ADDED from src\main\AndroidManifest.xml:344:13-63
activity#com.community.MeetingRoomListActivity
ADDED from src\main\AndroidManifest.xml:347:9-350:20
	android:label
		ADDED from src\main\AndroidManifest.xml:349:13-57
	android:name
		ADDED from src\main\AndroidManifest.xml:348:13-65
activity#com.community.MeetingRoomMessageActivity
ADDED from src\main\AndroidManifest.xml:351:9-354:20
	android:label
		ADDED from src\main\AndroidManifest.xml:353:13-57
	android:name
		ADDED from src\main\AndroidManifest.xml:352:13-68
activity#com.community.AppointmentMessageActivity
ADDED from src\main\AndroidManifest.xml:355:9-358:20
	android:label
		ADDED from src\main\AndroidManifest.xml:357:13-57
	android:name
		ADDED from src\main\AndroidManifest.xml:356:13-68
activity#com.community.NaviActivity
ADDED from src\main\AndroidManifest.xml:359:9-362:20
	android:label
		ADDED from src\main\AndroidManifest.xml:361:13-57
	android:name
		ADDED from src\main\AndroidManifest.xml:360:13-54
activity#com.community.CreateShoppingActivity
ADDED from src\main\AndroidManifest.xml:363:9-366:20
	android:label
		ADDED from src\main\AndroidManifest.xml:365:13-57
	android:name
		ADDED from src\main\AndroidManifest.xml:364:13-64
activity#com.community.ShopMessageActivity
ADDED from src\main\AndroidManifest.xml:367:9-370:20
	android:label
		ADDED from src\main\AndroidManifest.xml:369:13-57
	android:name
		ADDED from src\main\AndroidManifest.xml:368:13-61
activity#com.community.MyShopActivity
ADDED from src\main\AndroidManifest.xml:371:9-374:20
	android:label
		ADDED from src\main\AndroidManifest.xml:373:13-57
	android:name
		ADDED from src\main\AndroidManifest.xml:372:13-56
activity#com.community.MyShopMessageActivity
ADDED from src\main\AndroidManifest.xml:375:9-378:20
	android:label
		ADDED from src\main\AndroidManifest.xml:377:13-57
	android:name
		ADDED from src\main\AndroidManifest.xml:376:13-63
activity#com.community.UpdateCreatActivity
ADDED from src\main\AndroidManifest.xml:379:9-383:20
	android:label
		ADDED from src\main\AndroidManifest.xml:381:13-57
	android:windowSoftInputMode
		ADDED from src\main\AndroidManifest.xml:382:13-54
	android:name
		ADDED from src\main\AndroidManifest.xml:380:13-61
activity#com.community.RegisterCreatActivity
ADDED from src\main\AndroidManifest.xml:384:9-388:20
	android:label
		ADDED from src\main\AndroidManifest.xml:386:13-57
	android:windowSoftInputMode
		ADDED from src\main\AndroidManifest.xml:387:13-54
	android:name
		ADDED from src\main\AndroidManifest.xml:385:13-63
activity#com.community.CreateCommunityActivity
ADDED from src\main\AndroidManifest.xml:389:9-393:20
	android:label
		ADDED from src\main\AndroidManifest.xml:391:13-57
	android:windowSoftInputMode
		ADDED from src\main\AndroidManifest.xml:392:13-54
	android:name
		ADDED from src\main\AndroidManifest.xml:390:13-65
activity#com.community.MyReviewShopActivity
ADDED from src\main\AndroidManifest.xml:394:9-398:20
	android:label
		ADDED from src\main\AndroidManifest.xml:396:13-57
	android:windowSoftInputMode
		ADDED from src\main\AndroidManifest.xml:397:13-54
	android:name
		ADDED from src\main\AndroidManifest.xml:395:13-62
activity#com.community.JiaoYiActivity
ADDED from src\main\AndroidManifest.xml:399:9-403:20
	android:label
		ADDED from src\main\AndroidManifest.xml:401:13-57
	android:windowSoftInputMode
		ADDED from src\main\AndroidManifest.xml:402:13-54
	android:name
		ADDED from src\main\AndroidManifest.xml:400:13-56
activity#com.community.CommunityMessageActivity
ADDED from src\main\AndroidManifest.xml:405:13-409:20
	android:label
		ADDED from src\main\AndroidManifest.xml:407:13-57
	android:windowSoftInputMode
		ADDED from src\main\AndroidManifest.xml:408:13-54
	android:name
		ADDED from src\main\AndroidManifest.xml:406:13-66
activity#com.community.MyApplyActivity
ADDED from src\main\AndroidManifest.xml:412:14-416:20
	android:label
		ADDED from src\main\AndroidManifest.xml:414:13-57
	android:windowSoftInputMode
		ADDED from src\main\AndroidManifest.xml:415:13-54
	android:name
		ADDED from src\main\AndroidManifest.xml:413:13-57
activity#com.community.JpushActivity
ADDED from src\main\AndroidManifest.xml:418:17-422:20
	android:label
		ADDED from src\main\AndroidManifest.xml:420:13-57
	android:windowSoftInputMode
		ADDED from src\main\AndroidManifest.xml:421:13-54
	android:name
		ADDED from src\main\AndroidManifest.xml:419:13-55
activity#com.community.CollectCommunityMessageActivity
ADDED from src\main\AndroidManifest.xml:423:14-427:20
	android:label
		ADDED from src\main\AndroidManifest.xml:425:13-57
	android:windowSoftInputMode
		ADDED from src\main\AndroidManifest.xml:426:13-54
	android:name
		ADDED from src\main\AndroidManifest.xml:424:13-73
activity#com.community.UpdateCommunityMessageActivity
ADDED from src\main\AndroidManifest.xml:430:16-434:20
	android:label
		ADDED from src\main\AndroidManifest.xml:432:13-57
	android:windowSoftInputMode
		ADDED from src\main\AndroidManifest.xml:433:13-54
	android:name
		ADDED from src\main\AndroidManifest.xml:431:13-72
activity#com.community.MyFaBuActivity
ADDED from src\main\AndroidManifest.xml:435:13-439:20
	android:label
		ADDED from src\main\AndroidManifest.xml:437:13-57
	android:windowSoftInputMode
		ADDED from src\main\AndroidManifest.xml:438:13-54
	android:name
		ADDED from src\main\AndroidManifest.xml:436:13-56
activity#com.community.MyCommuityActivity
ADDED from src\main\AndroidManifest.xml:440:12-444:20
	android:label
		ADDED from src\main\AndroidManifest.xml:442:13-57
	android:windowSoftInputMode
		ADDED from src\main\AndroidManifest.xml:443:13-54
	android:name
		ADDED from src\main\AndroidManifest.xml:441:13-60
activity#com.community.OpinionActivity
ADDED from src\main\AndroidManifest.xml:445:12-449:20
	android:label
		ADDED from src\main\AndroidManifest.xml:447:13-57
	android:windowSoftInputMode
		ADDED from src\main\AndroidManifest.xml:448:13-54
	android:name
		ADDED from src\main\AndroidManifest.xml:446:13-57
service#cn.jpush.android.service.PushService
ADDED from src\main\AndroidManifest.xml:453:9-463:19
	android:enabled
		ADDED from src\main\AndroidManifest.xml:455:13-35
	android:exported
		ADDED from src\main\AndroidManifest.xml:456:13-37
	android:name
		ADDED from src\main\AndroidManifest.xml:454:13-64
intent-filter#cn.jpush.android.intent.PUSH_TIME+cn.jpush.android.intent.PushService+cn.jpush.android.intent.REGISTER+cn.jpush.android.intent.REPORT
ADDED from src\main\AndroidManifest.xml:457:13-462:29
action#cn.jpush.android.intent.REGISTER
ADDED from src\main\AndroidManifest.xml:458:17-75
	android:name
		ADDED from src\main\AndroidManifest.xml:458:25-72
action#cn.jpush.android.intent.REPORT
ADDED from src\main\AndroidManifest.xml:459:17-73
	android:name
		ADDED from src\main\AndroidManifest.xml:459:25-70
action#cn.jpush.android.intent.PushService
ADDED from src\main\AndroidManifest.xml:460:17-78
	android:name
		ADDED from src\main\AndroidManifest.xml:460:25-75
action#cn.jpush.android.intent.PUSH_TIME
ADDED from src\main\AndroidManifest.xml:461:17-76
	android:name
		ADDED from src\main\AndroidManifest.xml:461:25-73
receiver#com.pony.jpush.MyReceiver
ADDED from src\main\AndroidManifest.xml:466:9-478:20
	android:enabled
		ADDED from src\main\AndroidManifest.xml:469:13-35
	android:exported
		ADDED from src\main\AndroidManifest.xml:468:13-37
	android:name
		ADDED from src\main\AndroidManifest.xml:467:13-53
intent-filter#cn.jpush.android.intent.CONNECTION+cn.jpush.android.intent.MESSAGE_RECEIVED+cn.jpush.android.intent.NOTIFICATION_OPENED+cn.jpush.android.intent.NOTIFICATION_RECEIVED+cn.jpush.android.intent.REGISTRATION+com.community
ADDED from src\main\AndroidManifest.xml:470:13-477:29
action#cn.jpush.android.intent.REGISTRATION
ADDED from src\main\AndroidManifest.xml:471:17-79
	android:name
		ADDED from src\main\AndroidManifest.xml:471:25-76
action#cn.jpush.android.intent.MESSAGE_RECEIVED
ADDED from src\main\AndroidManifest.xml:472:17-83
	android:name
		ADDED from src\main\AndroidManifest.xml:472:25-80
action#cn.jpush.android.intent.NOTIFICATION_RECEIVED
ADDED from src\main\AndroidManifest.xml:473:17-88
	android:name
		ADDED from src\main\AndroidManifest.xml:473:25-85
action#cn.jpush.android.intent.NOTIFICATION_OPENED
ADDED from src\main\AndroidManifest.xml:474:17-86
	android:name
		ADDED from src\main\AndroidManifest.xml:474:25-83
action#cn.jpush.android.intent.CONNECTION
ADDED from src\main\AndroidManifest.xml:475:17-77
	android:name
		ADDED from src\main\AndroidManifest.xml:475:25-74
category#com.community
ADDED from src\main\AndroidManifest.xml:476:17-58
	android:name
		ADDED from src\main\AndroidManifest.xml:476:27-55
receiver#cn.jpush.android.service.PushReceiver
ADDED from src\main\AndroidManifest.xml:480:9-497:20
	android:enabled
		ADDED from src\main\AndroidManifest.xml:482:13-35
	android:name
		ADDED from src\main\AndroidManifest.xml:481:13-65
intent-filter#cn.jpush.android.intent.NOTIFICATION_RECEIVED_PROXY+com.community
ADDED from src\main\AndroidManifest.xml:483:11-486:29
	android:priority
		ADDED from src\main\AndroidManifest.xml:483:26-49
action#cn.jpush.android.intent.NOTIFICATION_RECEIVED_PROXY
ADDED from src\main\AndroidManifest.xml:484:17-94
	android:name
		ADDED from src\main\AndroidManifest.xml:484:25-91
intent-filter#android.intent.action.USER_PRESENT+android.net.conn.CONNECTIVITY_CHANGE
ADDED from src\main\AndroidManifest.xml:487:13-490:29
action#android.intent.action.USER_PRESENT
ADDED from src\main\AndroidManifest.xml:488:17-77
	android:name
		ADDED from src\main\AndroidManifest.xml:488:25-74
action#android.net.conn.CONNECTIVITY_CHANGE
ADDED from src\main\AndroidManifest.xml:489:17-79
	android:name
		ADDED from src\main\AndroidManifest.xml:489:25-76
intent-filter#android.intent.action.PACKAGE_ADDED+android.intent.action.PACKAGE_REMOVED
ADDED from src\main\AndroidManifest.xml:492:13-496:29
action#android.intent.action.PACKAGE_ADDED
ADDED from src\main\AndroidManifest.xml:493:17-78
	android:name
		ADDED from src\main\AndroidManifest.xml:493:25-75
action#android.intent.action.PACKAGE_REMOVED
ADDED from src\main\AndroidManifest.xml:494:17-80
	android:name
		ADDED from src\main\AndroidManifest.xml:494:25-77
data
ADDED from src\main\AndroidManifest.xml:495:17-50
	android:scheme
		ADDED from src\main\AndroidManifest.xml:495:23-47
activity#cn.jpush.android.ui.PushActivity
ADDED from src\main\AndroidManifest.xml:500:9-510:20
	android:exported
		ADDED from src\main\AndroidManifest.xml:504:13-37
	android:configChanges